<?xml version="1.0" encoding="UTF-8"?>
<testng-results skipped="0" failed="0" total="1" passed="1">
  <reporter-output>
  </reporter-output>
  <suite name="Default suite" duration-ms="1347" started-at="2016-12-30T11:49:10Z" finished-at="2016-12-30T11:49:12Z">
    <groups>
    </groups>
    <test name="Default test" duration-ms="1347" started-at="2016-12-30T11:49:10Z" finished-at="2016-12-30T11:49:12Z">
      <class name="com.imran.testscripts.TC001">
        <test-method status="PASS" signature="setUp()[pri:0, instance:com.imran.testscripts.TC001@f4efcb0]" name="setUp" is-config="true" duration-ms="10" started-at="2016-12-30T17:19:10Z" finished-at="2016-12-30T17:19:10Z">
          <reporter-output>
          </reporter-output>
        </test-method> <!-- setUp -->
        <test-method status="PASS" signature="verifyGetEvents()[pri:0, instance:com.imran.testscripts.TC001@f4efcb0]" name="verifyGetEvents" duration-ms="1323" started-at="2016-12-30T17:19:10Z" finished-at="2016-12-30T17:19:12Z">
          <reporter-output>
          </reporter-output>
        </test-method> <!-- verifyGetEvents -->
      </class> <!-- com.imran.testscripts.TC001 -->
    </test> <!-- Default test -->
  </suite> <!-- Default suite -->
</testng-results>
